  pch.cpp
  MFCApplication1.cpp
C:\Users\x\phpwheel\MFCApplication1\MFCApplication1.cpp(89,25): warning C4566: 由通用字符名称“\u8B66”表示的字符不能在当前代码页(1252)中表示出来
C:\Users\x\phpwheel\MFCApplication1\MFCApplication1.cpp(89,25): warning C4566: 由通用字符名称“\u544A”表示的字符不能在当前代码页(1252)中表示出来
C:\Users\x\phpwheel\MFCApplication1\MFCApplication1.cpp(89,25): warning C4566: 由通用字符名称“\u5BF9”表示的字符不能在当前代码页(1252)中表示出来
C:\Users\x\phpwheel\MFCApplication1\MFCApplication1.cpp(89,25): warning C4566: 由通用字符名称“\u8BDD”表示的字符不能在当前代码页(1252)中表示出来
C:\Users\x\phpwheel\MFCApplication1\MFCApplication1.cpp(89,25): warning C4566: 由通用字符名称“\u6846”表示的字符不能在当前代码页(1252)中表示出来
C:\Users\x\phpwheel\MFCApplication1\MFCApplication1.cpp(89,25): warning C4566: 由通用字符名称“\u521B”表示的字符不能在当前代码页(1252)中表示出来
C:\Users\x\phpwheel\MFCApplication1\MFCApplication1.cpp(89,25): warning C4566: 由通用字符名称“\u5EFA”表示的字符不能在当前代码页(1252)中表示出来
C:\Users\x\phpwheel\MFCApplication1\MFCApplication1.cpp(89,25): warning C4566: 由通用字符名称“\u5931”表示的字符不能在当前代码页(1252)中表示出来
C:\Users\x\phpwheel\MFCApplication1\MFCApplication1.cpp(89,25): warning C4566: 由通用字符名称“\u8D25”表示的字符不能在当前代码页(1252)中表示出来
C:\Users\x\phpwheel\MFCApplication1\MFCApplication1.cpp(89,25): warning C4566: 由通用字符名称“\uFF0C”表示的字符不能在当前代码页(1252)中表示出来
C:\Users\x\phpwheel\MFCApplication1\MFCApplication1.cpp(89,25): warning C4566: 由通用字符名称“\u5E94”表示的字符不能在当前代码页(1252)中表示出来
C:\Users\x\phpwheel\MFCApplication1\MFCApplication1.cpp(89,25): warning C4566: 由通用字符名称“\u7528”表示的字符不能在当前代码页(1252)中表示出来
C:\Users\x\phpwheel\MFCApplication1\MFCApplication1.cpp(89,25): warning C4566: 由通用字符名称“\u7A0B”表示的字符不能在当前代码页(1252)中表示出来
C:\Users\x\phpwheel\MFCApplication1\MFCApplication1.cpp(89,25): warning C4566: 由通用字符名称“\u5E8F”表示的字符不能在当前代码页(1252)中表示出来
C:\Users\x\phpwheel\MFCApplication1\MFCApplication1.cpp(89,25): warning C4566: 由通用字符名称“\u5C06”表示的字符不能在当前代码页(1252)中表示出来
C:\Users\x\phpwheel\MFCApplication1\MFCApplication1.cpp(89,25): warning C4566: 由通用字符名称“\u610F”表示的字符不能在当前代码页(1252)中表示出来
C:\Users\x\phpwheel\MFCApplication1\MFCApplication1.cpp(89,25): warning C4566: 由通用字符名称“\u5916”表示的字符不能在当前代码页(1252)中表示出来
C:\Users\x\phpwheel\MFCApplication1\MFCApplication1.cpp(89,25): warning C4566: 由通用字符名称“\u7EC8”表示的字符不能在当前代码页(1252)中表示出来
C:\Users\x\phpwheel\MFCApplication1\MFCApplication1.cpp(89,25): warning C4566: 由通用字符名称“\u6B62”表示的字符不能在当前代码页(1252)中表示出来
C:\Users\x\phpwheel\MFCApplication1\MFCApplication1.cpp(89,25): warning C4566: 由通用字符名称“\u3002”表示的字符不能在当前代码页(1252)中表示出来
C:\Users\x\phpwheel\MFCApplication1\MFCApplication1.cpp(90,25): warning C4566: 由通用字符名称“\u8B66”表示的字符不能在当前代码页(1252)中表示出来
C:\Users\x\phpwheel\MFCApplication1\MFCApplication1.cpp(90,25): warning C4566: 由通用字符名称“\u544A”表示的字符不能在当前代码页(1252)中表示出来
C:\Users\x\phpwheel\MFCApplication1\MFCApplication1.cpp(90,25): warning C4566: 由通用字符名称“\u5982”表示的字符不能在当前代码页(1252)中表示出来
C:\Users\x\phpwheel\MFCApplication1\MFCApplication1.cpp(90,25): warning C4566: 由通用字符名称“\u679C”表示的字符不能在当前代码页(1252)中表示出来
C:\Users\x\phpwheel\MFCApplication1\MFCApplication1.cpp(90,25): warning C4566: 由通用字符名称“\u60A8”表示的字符不能在当前代码页(1252)中表示出来
C:\Users\x\phpwheel\MFCApplication1\MFCApplication1.cpp(90,25): warning C4566: 由通用字符名称“\u5728”表示的字符不能在当前代码页(1252)中表示出来
C:\Users\x\phpwheel\MFCApplication1\MFCApplication1.cpp(90,25): warning C4566: 由通用字符名称“\u5BF9”表示的字符不能在当前代码页(1252)中表示出来
C:\Users\x\phpwheel\MFCApplication1\MFCApplication1.cpp(90,25): warning C4566: 由通用字符名称“\u8BDD”表示的字符不能在当前代码页(1252)中表示出来
C:\Users\x\phpwheel\MFCApplication1\MFCApplication1.cpp(90,25): warning C4566: 由通用字符名称“\u6846”表示的字符不能在当前代码页(1252)中表示出来
C:\Users\x\phpwheel\MFCApplication1\MFCApplication1.cpp(90,25): warning C4566: 由通用字符名称“\u4E0A”表示的字符不能在当前代码页(1252)中表示出来
C:\Users\x\phpwheel\MFCApplication1\MFCApplication1.cpp(90,25): warning C4566: 由通用字符名称“\u4F7F”表示的字符不能在当前代码页(1252)中表示出来
C:\Users\x\phpwheel\MFCApplication1\MFCApplication1.cpp(90,25): warning C4566: 由通用字符名称“\u7528”表示的字符不能在当前代码页(1252)中表示出来
C:\Users\x\phpwheel\MFCApplication1\MFCApplication1.cpp(90,25): warning C4566: 由通用字符名称“\u63A7”表示的字符不能在当前代码页(1252)中表示出来
C:\Users\x\phpwheel\MFCApplication1\MFCApplication1.cpp(90,25): warning C4566: 由通用字符名称“\u4EF6”表示的字符不能在当前代码页(1252)中表示出来
C:\Users\x\phpwheel\MFCApplication1\MFCApplication1.cpp(90,25): warning C4566: 由通用字符名称“\uFF0C”表示的字符不能在当前代码页(1252)中表示出来
C:\Users\x\phpwheel\MFCApplication1\MFCApplication1.cpp(90,25): warning C4566: 由通用字符名称“\u5219”表示的字符不能在当前代码页(1252)中表示出来
C:\Users\x\phpwheel\MFCApplication1\MFCApplication1.cpp(90,25): warning C4566: 由通用字符名称“\u65E0”表示的字符不能在当前代码页(1252)中表示出来
C:\Users\x\phpwheel\MFCApplication1\MFCApplication1.cpp(90,25): warning C4566: 由通用字符名称“\u6CD5”表示的字符不能在当前代码页(1252)中表示出来
C:\Users\x\phpwheel\MFCApplication1\MFCApplication1.cpp(90,25): warning C4566: 由通用字符名称“\u3002”表示的字符不能在当前代码页(1252)中表示出来
  MFCApplication1Dlg.cpp
C:\Users\x\phpwheel\MFCApplication1\MFCApplication1Dlg.cpp(1964,8): warning C4101: “dwWaitTime”: 未引用的局部变量
C:\Users\x\phpwheel\MFCApplication1\MFCApplication1Dlg.cpp(1962,8): warning C4101: “dwBytesNeeded”: 未引用的局部变量
C:\Users\x\phpwheel\MFCApplication1\MFCApplication1Dlg.cpp(1960,25): warning C4101: “ssp”: 未引用的局部变量
C:\Users\x\phpwheel\MFCApplication1\MFCApplication1Dlg.cpp(2012,18): warning C4101: “ssStatus”: 未引用的局部变量
C:\Users\x\phpwheel\MFCApplication1\MFCApplication1Dlg.cpp(3995,9): warning C4101: “temp_string”: 未引用的局部变量
  Share.h
  Thread.cpp
  Share.cpp
x64\Release\Share.obj : warning LNK4042: 对象被多次指定；已忽略多余的指定
  正在生成代码
  Previous IPDB not found, fall back to full compilation.
  All 478 functions were compiled because no usable IPDB/IOBJ from previous compilation was found.
  已完成代码的生成
  MFCApplication1.vcxproj -> C:\Users\x\phpwheel\x64\Release\MFCApplication1.exe
