C:\USERS\X\PHPWHEEL\MFCAPPLICATION1\X64\RELEASE\MFCAPPLICATION1.PCH
C:\USERS\X\PHPWHEEL\MFCAPPLICATION1\X64\RELEASE\PCH.OBJ
C:\USERS\X\PHPWHEEL\MFCAPPLICATION1\X64\RELEASE\VC110.PDB
C:\USERS\X\PHPWHEEL\MFCAPPLICATION1\X64\RELEASE\SHARE.OBJ
C:\USERS\X\PHPWHEEL\MFCAPPLICATION1\X64\RELEASE\THREAD.OBJ
C:\USERS\X\PHPWHEEL\MFCAPPLICATION1\X64\RELEASE\MFCAPPLICATION1DLG.OBJ
C:\USERS\X\PHPWHEEL\MFCAPPLICATION1\X64\RELEASE\MFCAPPLICATION1.OBJ
C:\USERS\X\PHPWHEEL\X64\RELEASE\MFCAPPLICATION1.EXE
C:\USERS\X\PHPWHEEL\MFCAPPLICATION1\X64\RELEASE\MFCAPPLICATION1.RES
C:\Users\x\phpwheel\MFCApplication1\x64\Release\MFCApplication1.obj
C:\Users\x\phpwheel\MFCApplication1\x64\Release\MFCApplication1Dlg.obj
C:\Users\x\phpwheel\MFCApplication1\x64\Release\pch.obj
C:\Users\x\phpwheel\MFCApplication1\x64\Release\Share.obj
C:\Users\x\phpwheel\MFCApplication1\x64\Release\Thread.obj
C:\Users\x\phpwheel\MFCApplication1\x64\Release\cl.command.1.tlog
C:\Users\x\phpwheel\MFCApplication1\x64\Release\CL.read.1.tlog
C:\Users\x\phpwheel\MFCApplication1\x64\Release\CL.write.1.tlog
C:\Users\x\phpwheel\MFCApplication1\x64\Release\link-cvtres.read.1.tlog
C:\Users\x\phpwheel\MFCApplication1\x64\Release\link-cvtres.write.1.tlog
C:\Users\x\phpwheel\MFCApplication1\x64\Release\link-mt.read.1.tlog
C:\Users\x\phpwheel\MFCApplication1\x64\Release\link-mt.write.1.tlog
C:\Users\x\phpwheel\MFCApplication1\x64\Release\link-rc.read.1.tlog
C:\Users\x\phpwheel\MFCApplication1\x64\Release\link-rc.write.1.tlog
C:\Users\x\phpwheel\MFCApplication1\x64\Release\link.command.1.tlog
C:\Users\x\phpwheel\MFCApplication1\x64\Release\link.read.1.tlog
C:\Users\x\phpwheel\MFCApplication1\x64\Release\link.write.1.tlog
C:\Users\x\phpwheel\MFCApplication1\x64\Release\rc.command.1.tlog
C:\Users\x\phpwheel\MFCApplication1\x64\Release\rc.read.1.tlog
C:\Users\x\phpwheel\MFCApplication1\x64\Release\rc.write.1.tlog
C:\Users\x\phpwheel\MFCApplication1\x64\Release\MFCApplication1.res
C:\Users\x\phpwheel\MFCApplication1\x64\Release\MFCApplication1.pch
C:\Users\x\phpwheel\MFCApplication1\x64\Release\vc110.pdb
C:\Users\x\phpwheel\x64\Release\MFCApplication1.exe
