c:\users\x\downloads\tmp\phpwheel-master\mfcapplication1\x64\debug\mfcapplication1.pch
c:\users\x\downloads\tmp\phpwheel-master\mfcapplication1\x64\debug\vc143.pdb
c:\users\x\downloads\tmp\phpwheel-master\mfcapplication1\x64\debug\vc143.idb
c:\users\x\downloads\tmp\phpwheel-master\mfcapplication1\x64\debug\pch.obj
c:\users\x\downloads\tmp\phpwheel-master\mfcapplication1\x64\debug\share.obj
c:\users\x\downloads\tmp\phpwheel-master\mfcapplication1\x64\debug\thread.obj
c:\users\x\downloads\tmp\phpwheel-master\mfcapplication1\x64\debug\mfcapplication1dlg.obj
c:\users\x\downloads\tmp\phpwheel-master\mfcapplication1\x64\debug\mfcapplication1.obj
c:\users\x\downloads\tmp\phpwheel-master\x64\debug\mfcapplication1.exe
c:\users\x\downloads\tmp\phpwheel-master\x64\debug\mfcapplication1.pdb
c:\users\x\downloads\tmp\phpwheel-master\mfcapplication1\x64\debug\mfcapplication1.res
c:\users\x\downloads\tmp\phpwheel-master\mfcapplication1\x64\debug\mfcapplication1.tlog\cl.command.1.tlog
c:\users\x\downloads\tmp\phpwheel-master\mfcapplication1\x64\debug\mfcapplication1.tlog\cl.read.1.tlog
c:\users\x\downloads\tmp\phpwheel-master\mfcapplication1\x64\debug\mfcapplication1.tlog\cl.write.1.tlog
c:\users\x\downloads\tmp\phpwheel-master\mfcapplication1\x64\debug\mfcapplication1.tlog\link.command.1.tlog
c:\users\x\downloads\tmp\phpwheel-master\mfcapplication1\x64\debug\mfcapplication1.tlog\link.read.1.tlog
c:\users\x\downloads\tmp\phpwheel-master\mfcapplication1\x64\debug\mfcapplication1.tlog\link.write.1.tlog
c:\users\x\downloads\tmp\phpwheel-master\mfcapplication1\x64\debug\mfcapplication1.tlog\rc.command.1.tlog
c:\users\x\downloads\tmp\phpwheel-master\mfcapplication1\x64\debug\mfcapplication1.tlog\rc.read.1.tlog
c:\users\x\downloads\tmp\phpwheel-master\mfcapplication1\x64\debug\mfcapplication1.tlog\rc.write.1.tlog
